Crashlog created at 2013-08-09 10:08:51 +0800

===== MESSAGE:

RuntimeError: The path returned for the <Nanoc::ItemRep name="default" binary=false raw_path="" item.identifier="/"> item representation, “.html”, does not start with a slash. Please ensure that all routing rules return a path that starts with a slash.

===== COMPILATION STACK:

  (empty)

===== STACK TRACE:

  0. /usr/local/lib/ruby/gems/2.0.0/gems/nanoc-3.6.4/lib/nanoc/base/compilation/compiler.rb:242:in `block (2 levels) in route_reps'
  1. /usr/local/lib/ruby/gems/2.0.0/gems/nanoc-3.6.4/lib/nanoc/base/compilation/compiler.rb:237:in `each_pair'
  2. /usr/local/lib/ruby/gems/2.0.0/gems/nanoc-3.6.4/lib/nanoc/base/compilation/compiler.rb:237:in `block in route_reps'
  3. /usr/local/lib/ruby/gems/2.0.0/gems/nanoc-3.6.4/lib/nanoc/base/compilation/compiler.rb:232:in `each'
  4. /usr/local/lib/ruby/gems/2.0.0/gems/nanoc-3.6.4/lib/nanoc/base/compilation/compiler.rb:232:in `route_reps'
  5. /usr/local/lib/ruby/gems/2.0.0/gems/nanoc-3.6.4/lib/nanoc/base/compilation/compiler.rb:124:in `load'
  6. /usr/local/lib/ruby/gems/2.0.0/gems/nanoc-3.6.4/lib/nanoc/base/source_data/site.rb:250:in `load'
  7. /usr/local/lib/ruby/gems/2.0.0/gems/nanoc-3.6.4/lib/nanoc/cli/command_runner.rb:63:in `load_site'
  8. /usr/local/lib/ruby/gems/2.0.0/gems/nanoc-3.6.4/lib/nanoc/cli/commands/compile.rb:358:in `run'
  9. /usr/local/lib/ruby/gems/2.0.0/gems/nanoc-3.6.4/lib/nanoc/cli/command_runner.rb:14:in `block in call'
  10. /usr/local/lib/ruby/gems/2.0.0/gems/nanoc-3.6.4/lib/nanoc/cli/error_handler.rb:70:in `handle_while'
  11. /usr/local/lib/ruby/gems/2.0.0/gems/nanoc-3.6.4/lib/nanoc/cli/error_handler.rb:26:in `handle_while'
  12. /usr/local/lib/ruby/gems/2.0.0/gems/nanoc-3.6.4/lib/nanoc/cli/command_runner.rb:13:in `call'
  13. /usr/local/lib/ruby/gems/2.0.0/gems/cri-2.3.0/lib/cri/command_dsl.rb:185:in `block in runner'
  14. /usr/local/lib/ruby/gems/2.0.0/gems/cri-2.3.0/lib/cri/command.rb:296:in `call'
  15. /usr/local/lib/ruby/gems/2.0.0/gems/cri-2.3.0/lib/cri/command.rb:296:in `run_this'
  16. /usr/local/lib/ruby/gems/2.0.0/gems/cri-2.3.0/lib/cri/command.rb:249:in `run'
  17. /usr/local/lib/ruby/gems/2.0.0/gems/nanoc-3.6.4/lib/nanoc/cli/commands/nanoc.rb:39:in `block in define'
  18. /usr/local/lib/ruby/gems/2.0.0/gems/cri-2.3.0/lib/cri/command.rb:296:in `call'
  19. /usr/local/lib/ruby/gems/2.0.0/gems/cri-2.3.0/lib/cri/command.rb:296:in `run_this'
  20. /usr/local/lib/ruby/gems/2.0.0/gems/cri-2.3.0/lib/cri/command.rb:249:in `run'
  21. /usr/local/lib/ruby/gems/2.0.0/gems/nanoc-3.6.4/lib/nanoc/cli.rb:52:in `block in run'
  22. /usr/local/lib/ruby/gems/2.0.0/gems/nanoc-3.6.4/lib/nanoc/cli/error_handler.rb:70:in `handle_while'
  23. /usr/local/lib/ruby/gems/2.0.0/gems/nanoc-3.6.4/lib/nanoc/cli/error_handler.rb:26:in `handle_while'
  24. /usr/local/lib/ruby/gems/2.0.0/gems/nanoc-3.6.4/lib/nanoc/cli.rb:50:in `run'
  25. /usr/local/lib/ruby/gems/2.0.0/gems/nanoc-3.6.4/bin/nanoc:19:in `<top (required)>'
  26. /usr/local/bin/nanoc:23:in `load'
  ... 29 more lines omitted. See full crash log for details.

===== VERSION INFORMATION:

nanoc 3.6.4 © 2007-2013 Denis Defreyne.
Running ruby 2.0.0 (2013-06-27) on x86_64-linux with RubyGems 2.0.3.

===== SYSTEM INFORMATION:

Linux 66-A00327-01 3.8.6-custom #9 SMP Mon Apr 15 16:29:49 CST 2013 x86_64 x86_64 x86_64 GNU/Linux

===== INSTALLED GEMS:

  adsf 1.1.1
  aws-s3 0.6.3
  bigdecimal 1.2.0
  builder 3.2.2
  colored 1.2
  cri 2.3.0
  excon 0.23.0
  ftools 0.0.0
  io-console 0.4.2
  jeff 0.6.4
  json 1.7.7
  kramdown 1.1.0
  mime-types 1.23
  minitest 4.3.2
  nanoc 3.6.4
  psych 2.0.0
  rack 1.5.2
  rake 0.9.6
  rdoc 4.0.0
  rmagick 2.13.2
  test-unit 2.0.0.0
  trollop 2.0
  vacuum 0.3.1
  xml-simple 1.1.2

===== ENVIRONMENT:

AMAZON_ACCESS_KEY_ID => "AKIAI4DCCBLH7R23SEAQ"
AMAZON_SECRET_ACCESS_KEY => "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"
ARCH => "arm64"
COLORTERM => "gnome-terminal"
CROSS_COMPILE => "aarch64-linux-gnu-"
DBUS_SESSION_BUS_ADDRESS => "unix:abstract=/tmp/dbus-kExeKKkZGg,guid=1cd7934a52f9e144ff24f68a52043b7e"
DEFAULTS_PATH => "/usr/share/gconf/gnome-fallback.default.path"
DESKTOP_SESSION => "gnome-fallback"
DISPLAY => ":0.0"
GDMSESSION => "gnome-fallback"
GDM_LANG => "en_US"
GNOME_DESKTOP_SESSION_ID => "this-is-deprecated"
GNOME_KEYRING_CONTROL => "/run/user/alexey/keyring-8ZewzP"
GNOME_KEYRING_PID => "2333"
GPG_AGENT_INFO => "/run/user/alexey/keyring-8ZewzP/gpg:0:1"
GTK_MODULES => "overlay-scrollbar"
HOME => "/home/alexey"
LANG => "en_US.UTF-8"
LANGUAGE => "en_US:en"
LC_PAPER => "en_GB.UTF-8\" "
LESSCLOSE => "/usr/bin/lesspipe %s %s"
LESSOPEN => "| /usr/bin/lesspipe %s"
LOGNAME => "alexey"
LS_COLORS => "rs=0:di=01;34:ln=01;36:mh=00:pi=40;33:so=01;35:do=01;35:bd=40;33;01:cd=40;33;01:or=40;31;01:su=37;41:sg=30;43:ca=30;41:tw=30;42:ow=34;42:st=37;44:ex=01;32:*.tar=01;31:*.tgz=01;31:*.arj=01;31:*.taz=01;31:*.lzh=01;31:*.lzma=01;31:*.tlz=01;31:*.txz=01;31:*.zip=01;31:*.z=01;31:*.Z=01;31:*.dz=01;31:*.gz=01;31:*.lz=01;31:*.xz=01;31:*.bz2=01;31:*.bz=01;31:*.tbz=01;31:*.tbz2=01;31:*.tz=01;31:*.deb=01;31:*.rpm=01;31:*.jar=01;31:*.war=01;31:*.ear=01;31:*.sar=01;31:*.rar=01;31:*.ace=01;31:*.zoo=01;31:*.cpio=01;31:*.7z=01;31:*.rz=01;31:*.jpg=01;35:*.jpeg=01;35:*.gif=01;35:*.bmp=01;35:*.pbm=01;35:*.pgm=01;35:*.ppm=01;35:*.tga=01;35:*.xbm=01;35:*.xpm=01;35:*.tif=01;35:*.tiff=01;35:*.png=01;35:*.svg=01;35:*.svgz=01;35:*.mng=01;35:*.pcx=01;35:*.mov=01;35:*.mpg=01;35:*.mpeg=01;35:*.m2v=01;35:*.mkv=01;35:*.webm=01;35:*.ogm=01;35:*.mp4=01;35:*.m4v=01;35:*.mp4v=01;35:*.vob=01;35:*.qt=01;35:*.nuv=01;35:*.wmv=01;35:*.asf=01;35:*.rm=01;35:*.rmvb=01;35:*.flc=01;35:*.avi=01;35:*.fli=01;35:*.flv=01;35:*.gl=01;35:*.dl=01;35:*.xcf=01;35:*.xwd=01;35:*.yuv=01;35:*.cgm=01;35:*.emf=01;35:*.axv=01;35:*.anx=01;35:*.ogv=01;35:*.ogx=01;35:*.aac=00;36:*.au=00;36:*.flac=00;36:*.mid=00;36:*.midi=00;36:*.mka=00;36:*.mp3=00;36:*.mpc=00;36:*.ogg=00;36:*.ra=00;36:*.wav=00;36:*.axa=00;36:*.oga=00;36:*.spx=00;36:*.xspf=00;36:"
MANDATORY_PATH => "/usr/share/gconf/gnome-fallback.mandatory.path"
OLDPWD => "/home/alexey/workspace/nanoc/molitvoslov/content"
PATH => "/usr/local/sbin:/usr/local/bin:/usr/sbin:/usr/bin:/sbin:/bin:/usr/games:/usr/local/games:/home/alexey/ARMv8/aarch64-toolchain/gcc-linaro-aarch64-linux-gnu-4.7+bzr115029-20121015+bzr2506_linux/bin:/home/alexey/workspace/adt-bundle-linux-x86_64-20130219/sdk/platform-tools"
PWD => "/home/alexey/workspace/nanoc/molitvoslov"
SESSION_MANAGER => "local/66-A00327-01:@/tmp/.ICE-unix/2352,unix/66-A00327-01:/tmp/.ICE-unix/2352"
SHELL => "/bin/bash"
SHLVL => "1"
SSH_AGENT_PID => "2396"
SSH_AUTH_SOCK => "/run/user/alexey/keyring-8ZewzP/ssh"
TERM => "xterm"
UBUNTU_MENUPROXY => "libappmenu.so"
USER => "alexey"
USERNAME => "alexey"
WINDOWID => "39845892"
WINDOWPATH => "7"
XAUTHORITY => "/run/gdm/auth-for-alexey-cOKCUr/database"
XDG_CONFIG_DIRS => "/etc/xdg/xdg-gnome-fallback:/etc/xdg"
XDG_CURRENT_DESKTOP => "GNOME"
XDG_DATA_DIRS => "/usr/share/gnome-fallback:/usr/share/gnome:/usr/local/share/:/usr/share/"
XDG_RUNTIME_DIR => "/run/user/alexey"
XDG_SESSION_COOKIE => "dd49b64e21bf2a22080ce10850f7cd78-1376009085.593350-101461408"
_ => "/usr/local/bin/nanoc"

===== LOAD PATHS:

  0. /usr/local/lib/ruby/gems/2.0.0/gems/nanoc-3.6.4/lib
  1. /usr/local/lib/ruby/gems/2.0.0/gems/colored-1.2/lib
  2. /usr/local/lib/ruby/gems/2.0.0/gems/cri-2.3.0/lib
  3. /usr/local/lib/ruby/gems/2.0.0/gems/nanoc-3.6.4/lib
  4. /usr/local/lib/ruby/site_ruby/2.0.0
  5. /usr/local/lib/ruby/site_ruby/2.0.0/x86_64-linux
  6. /usr/local/lib/ruby/site_ruby
  7. /usr/local/lib/ruby/vendor_ruby/2.0.0
  8. /usr/local/lib/ruby/vendor_ruby/2.0.0/x86_64-linux
  9. /usr/local/lib/ruby/vendor_ruby
  10. /usr/local/lib/ruby/2.0.0
  11. /usr/local/lib/ruby/2.0.0/x86_64-linux
